

Microchip Technology PIC LITE Macro Assembler V1.34 build -361300703 
                                                                                               Thu Jul 23 15:06:53 2015

Microchip Technology Omniscient Code Generator (Lite mode) build 201502162209
     1                           	processor	16F877A
     2                           	opt	pw 120
     3                           	opt	lm
     4                           	psect	text0,local,class=CODE,merge=1,delta=2
     5                           	psect	cinit,global,class=CODE,merge=1,delta=2
     6                           	psect	cstackCOMMON,global,class=COMMON,space=1,delta=1
     7                           	psect	cstackBANK0,global,class=BANK0,space=1,delta=1
     8                           	psect	maintext,global,class=CODE,split=1,delta=2
     9                           	psect	text1,local,class=CODE,merge=1,delta=2
    10                           	psect	text2,local,class=CODE,merge=1,delta=2
    11                           	psect	text3,local,class=CODE,merge=1,delta=2
    12                           	psect	text4,local,class=CODE,merge=1,delta=2
    13                           	psect	text5,local,class=CODE,merge=1,delta=2
    14                           	psect	text6,local,class=CODE,merge=1,delta=2
    15                           	dabs	1,0x7E,2
    16  0000                     	;# 
    17  0001                     	;# 
    18  0002                     	;# 
    19  0003                     	;# 
    20  0004                     	;# 
    21  0005                     	;# 
    22  0006                     	;# 
    23  0007                     	;# 
    24  0008                     	;# 
    25  0009                     	;# 
    26  000A                     	;# 
    27  000B                     	;# 
    28  000C                     	;# 
    29  000D                     	;# 
    30  000E                     	;# 
    31  000E                     	;# 
    32  000F                     	;# 
    33  0010                     	;# 
    34  0011                     	;# 
    35  0012                     	;# 
    36  0013                     	;# 
    37  0014                     	;# 
    38  0015                     	;# 
    39  0015                     	;# 
    40  0016                     	;# 
    41  0017                     	;# 
    42  0018                     	;# 
    43  0019                     	;# 
    44  001A                     	;# 
    45  001B                     	;# 
    46  001B                     	;# 
    47  001C                     	;# 
    48  001D                     	;# 
    49  001E                     	;# 
    50  001F                     	;# 
    51  0081                     	;# 
    52  0085                     	;# 
    53  0086                     	;# 
    54  0087                     	;# 
    55  0088                     	;# 
    56  0089                     	;# 
    57  008C                     	;# 
    58  008D                     	;# 
    59  008E                     	;# 
    60  0091                     	;# 
    61  0092                     	;# 
    62  0093                     	;# 
    63  0094                     	;# 
    64  0098                     	;# 
    65  0099                     	;# 
    66  009C                     	;# 
    67  009D                     	;# 
    68  009E                     	;# 
    69  009F                     	;# 
    70  010C                     	;# 
    71  010D                     	;# 
    72  010E                     	;# 
    73  010F                     	;# 
    74  018C                     	;# 
    75  018D                     	;# 
    76  0008                     _PORTD	set	8
    77  0001                     _TMR0	set	1
    78  0028                     _RA0	set	40
    79  0029                     _RA1	set	41
    80  002A                     _RA2	set	42
    81  002B                     _RA3	set	43
    82  002D                     _RA5	set	45
    83  0030                     _RB0	set	48
    84  0031                     _RB1	set	49
    85  0032                     _RB2	set	50
    86  0034                     _RB4	set	52
    87  0035                     _RB5	set	53
    88  0038                     _RC0	set	56
    89  0039                     _RC1	set	57
    90  003B                     _RC3	set	59
    91  003C                     _RC4	set	60
    92  003D                     _RC5	set	61
    93  009F                     _ADCON1	set	159
    94  0085                     _TRISA	set	133
    95  0086                     _TRISB	set	134
    96  0087                     _TRISC	set	135
    97  0088                     _TRISD	set	136
    98  0089                     _TRISE	set	137
    99  0408                     _PS0	set	1032
   100  0409                     _PS1	set	1033
   101  040A                     _PS2	set	1034
   102  040B                     _PSA	set	1035
   103  040D                     _T0CS	set	1037
   104                           
   105                           	psect	text0
   106  0000                     __ptext0:	
   107                           ; #config settings
   108                           
   109                           
   110                           ;psect for function ___wmul
   111  0000                     
   112                           	psect	cinit
   113  07FC                     start_initialization:	
   114  07FC                     __initialization:	
   115  07FC                     end_of_initialization:	
   116                           ;End of C runtime variable initialization code
   117                           
   118  07FC                     __end_of__initialization:	
   119  07FC  0183               	clrf	3
   120  07FD  120A  118A  2F35   	ljmp	_main	;jump to C main() function
   121                           
   122                           	psect	cstackCOMMON
   123  0070                     __pcstackCOMMON:	
   124  0070                     ?_stop:	
   125  0070                     ?_tmr_delay:	
   126                           ; 0 bytes @ 0x0
   127                           
   128  0070                     ?_main:	
   129                           ; 0 bytes @ 0x0
   130                           
   131  0070                     ?_delay:	
   132                           ; 0 bytes @ 0x0
   133                           
   134  0070                     ?___wmul:	
   135                           ; 0 bytes @ 0x0
   136                           
   137  0070                     tmr_delay@lenght:	
   138                           ; 2 bytes @ 0x0
   139                           
   140  0070                     ___wmul@multiplier:	
   141                           ; 2 bytes @ 0x0
   142                           
   143  0070                     delay@data:	
   144                           ; 2 bytes @ 0x0
   145                           
   146                           
   147                           ; 4 bytes @ 0x0
   148  0070                     	ds	2
   149  0072                     ??_tmr_delay:	
   150  0072                     ___wmul@multiplicand:	
   151                           ; 0 bytes @ 0x2
   152                           
   153                           
   154                           ; 2 bytes @ 0x2
   155  0072                     	ds	2
   156  0074                     ??_delay:	
   157  0074                     ??___wmul:	
   158                           ; 0 bytes @ 0x4
   159                           
   160  0074                     ___wmul@product:	
   161                           ; 0 bytes @ 0x4
   162                           
   163                           
   164                           ; 2 bytes @ 0x4
   165  0074                     	ds	4
   166  0078                     ??_stop:	
   167  0078                     ?_play:	
   168                           ; 0 bytes @ 0x8
   169                           
   170  0078                     ?_record:	
   171                           ; 0 bytes @ 0x8
   172                           
   173  0078                     record@address:	
   174                           ; 0 bytes @ 0x8
   175                           
   176  0078                     play@address:	
   177                           ; 2 bytes @ 0x8
   178                           
   179                           
   180                           ; 2 bytes @ 0x8
   181  0078                     	ds	2
   182  007A                     ??_play:	
   183  007A                     ??_record:	
   184                           ; 0 bytes @ 0xA
   185                           
   186                           
   187                           ; 0 bytes @ 0xA
   188  007A                     	ds	1
   189  007B                     record@temp:	
   190  007B                     play@temp:	
   191                           ; 1 bytes @ 0xB
   192                           
   193                           
   194                           ; 1 bytes @ 0xB
   195  007B                     	ds	1
   196  007C                     ??_main:	
   197                           
   198                           ; 0 bytes @ 0xC
   199  007C                     	ds	1
   200                           
   201                           	psect	cstackBANK0
   202  0020                     __pcstackBANK0:	
   203  0020                     main@i:	
   204                           
   205                           ; 1 bytes @ 0x0
   206  0020                     	ds	1
   207  0021                     main@mode:	
   208                           
   209                           ; 1 bytes @ 0x1
   210  0021                     	ds	1
   211  0022                     main@message:	
   212                           
   213                           ; 1 bytes @ 0x2
   214  0022                     	ds	1
   215                           
   216                           	psect	maintext
   217  0735                     __pmaintext:	
   218 ;;
   219 ;;Main: autosize = 0, tempsize = 1, incstack = 0, save=0
   220 ;;
   221 ;; *************** function _main *****************
   222 ;; Defined at:
   223 ;;		line 63 in file "../../Source file/PR17.c"
   224 ;; Parameters:    Size  Location     Type
   225 ;;		None
   226 ;; Auto vars:     Size  Location     Type
   227 ;;  message         1    2[BANK0 ] unsigned char 
   228 ;;  mode            1    1[BANK0 ] unsigned char 
   229 ;;  i               1    0[BANK0 ] unsigned char 
   230 ;; Return value:  Size  Location     Type
   231 ;;		None               void
   232 ;; Registers used:
   233 ;;		wreg, fsr0l, fsr0h, status,2, status,0, pclath, cstack
   234 ;; Tracked objects:
   235 ;;		On entry : B00/0
   236 ;;		On exit  : 0/0
   237 ;;		Unchanged: 0/0
   238 ;; Data sizes:     COMMON   BANK0   BANK1   BANK3   BANK2
   239 ;;      Params:         0       0       0       0       0
   240 ;;      Locals:         0       3       0       0       0
   241 ;;      Temps:          1       0       0       0       0
   242 ;;      Totals:         1       3       0       0       0
   243 ;;Total ram usage:        4 bytes
   244 ;; Hardware stack levels required when called:    2
   245 ;; This function calls:
   246 ;;		___wmul
   247 ;;		_play
   248 ;;		_record
   249 ;;		_stop
   250 ;;		_tmr_delay
   251 ;; This function is called by:
   252 ;;		Startup code after reset
   253 ;; This function uses a non-reentrant model
   254 ;;
   255                           
   256                           
   257                           ;psect for function _main
   258  0735                     _main:	
   259                           
   260                           ;PR17.c: 66: unsigned char mode;
   261                           ;PR17.c: 67: unsigned char message;
   262                           ;PR17.c: 68: unsigned char i;
   263                           ;PR17.c: 71: TRISA = 0b11000000;
   264                           
   265                           ;incstack = 0
   266                           ; Regs used in _main: [wreg-fsr0h+status,2+status,0+pclath+cstack]
   267  0735  30C0               	movlw	192
   268  0736  1683               	bsf	3,5	;RP0=1, select bank1
   269  0737  1303               	bcf	3,6	;RP1=0, select bank1
   270  0738  0085               	movwf	5	;volatile
   271                           
   272                           ;PR17.c: 72: TRISB = 0b11111111;
   273  0739  30FF               	movlw	255
   274  073A  0086               	movwf	6	;volatile
   275                           
   276                           ;PR17.c: 73: TRISC = 0b10000100;
   277  073B  3084               	movlw	132
   278  073C  0087               	movwf	7	;volatile
   279                           
   280                           ;PR17.c: 74: TRISD = 0b00000000;
   281  073D  0188               	clrf	8	;volatile
   282                           
   283                           ;PR17.c: 75: TRISE = 0b00000011;
   284  073E  3003               	movlw	3
   285  073F  0089               	movwf	9	;volatile
   286                           
   287                           ;PR17.c: 78: ADCON1 = 0b00000110;
   288  0740  3006               	movlw	6
   289  0741  009F               	movwf	31	;volatile
   290                           
   291                           ;PR17.c: 81: T0CS = 0;
   292  0742  1281               	bcf	1,5	;volatile
   293                           
   294                           ;PR17.c: 82: PSA = 0;
   295  0743  1181               	bcf	1,3	;volatile
   296                           
   297                           ;PR17.c: 83: PS2 = 1;
   298  0744  1501               	bsf	1,2	;volatile
   299                           
   300                           ;PR17.c: 84: PS1 = 1;
   301  0745  1481               	bsf	1,1	;volatile
   302                           
   303                           ;PR17.c: 85: PS0 = 1;
   304  0746  1401               	bsf	1,0	;volatile
   305                           
   306                           ;PR17.c: 88: RA5=0;
   307  0747  1283               	bcf	3,5	;RP0=0, select bank0
   308  0748  1303               	bcf	3,6	;RP1=0, select bank0
   309  0749  1285               	bcf	5,5	;volatile
   310                           
   311                           ;PR17.c: 89: RA3=0;
   312  074A  1185               	bcf	5,3	;volatile
   313                           
   314                           ;PR17.c: 90: RA2=0;
   315  074B  1105               	bcf	5,2	;volatile
   316                           
   317                           ;PR17.c: 91: RA1=0;
   318  074C  1085               	bcf	5,1	;volatile
   319                           
   320                           ;PR17.c: 92: RA0=0;
   321  074D  1005               	bcf	5,0	;volatile
   322                           
   323                           ;PR17.c: 93: mode='p';
   324  074E  3070               	movlw	112
   325  074F  00FC               	movwf	??_main
   326  0750  087C               	movf	??_main,w
   327  0751  00A1               	movwf	main@mode
   328                           
   329                           ;PR17.c: 94: stop();
   330  0752  120A  118A  266E  120A  118A  	fcall	_stop
   331                           
   332                           ;PR17.c: 95: message=0;
   333  0757  1283               	bcf	3,5	;RP0=0, select bank0
   334  0758  1303               	bcf	3,6	;RP1=0, select bank0
   335  0759  01A2               	clrf	main@message
   336  075A                     l878:	
   337                           ;PR17.c: 97: while(1)
   338                           
   339                           
   340                           ;PR17.c: 98: {
   341                           ;PR17.c: 99: if(RB0==0)
   342  075A  1806               	btfsc	6,0	;volatile
   343  075B  2F6E               	goto	l68
   344  075C                     l69:	
   345                           ;PR17.c: 100: {
   346                           ;PR17.c: 101: while(RB0==0);
   347                           
   348  075C  1C06               	btfss	6,0	;volatile
   349  075D  2F5C               	goto	l69
   350                           
   351                           ;PR17.c: 102: if(mode=='p')
   352  075E  3070               	movlw	112
   353  075F  0621               	xorwf	main@mode,w
   354  0760  1D03               	btfss	3,2
   355  0761  2F68               	goto	l888
   356                           
   357                           ;PR17.c: 103: {
   358                           ;PR17.c: 104: mode='r';
   359  0762  3072               	movlw	114
   360  0763  00FC               	movwf	??_main
   361  0764  087C               	movf	??_main,w
   362  0765  00A1               	movwf	main@mode
   363                           
   364                           ;PR17.c: 105: RA5=1;
   365  0766  1685               	bsf	5,5	;volatile
   366                           
   367                           ;PR17.c: 106: }
   368  0767  2F81               	goto	l900
   369  0768                     l888:	
   370                           
   371                           ;PR17.c: 107: else
   372                           ;PR17.c: 108: {
   373                           ;PR17.c: 109: mode='p';
   374  0768  3070               	movlw	112
   375  0769  00FC               	movwf	??_main
   376  076A  087C               	movf	??_main,w
   377  076B  00A1               	movwf	main@mode
   378                           
   379                           ;PR17.c: 110: RA5=0;
   380  076C  1285               	bcf	5,5	;volatile
   381                           
   382                           ;PR17.c: 111: }
   383                           ;PR17.c: 112: }
   384  076D  2F81               	goto	l900
   385  076E                     l68:	
   386                           
   387                           ;PR17.c: 113: else if(!RB1)
   388  076E  1886               	btfsc	6,1	;volatile
   389  076F  2F73               	goto	l75
   390                           
   391                           ;PR17.c: 114: {
   392                           ;PR17.c: 115: message=1;
   393  0770  01A2               	clrf	main@message
   394  0771  0AA2               	incf	main@message,f
   395                           
   396                           ;PR17.c: 116: }
   397  0772  2F81               	goto	l900
   398  0773                     l75:	
   399                           
   400                           ;PR17.c: 117: else if(!RB2)
   401  0773  1906               	btfsc	6,2	;volatile
   402  0774  2F77               	goto	l77
   403                           
   404                           ;PR17.c: 118: {
   405                           ;PR17.c: 119: message=2;
   406  0775  3002               	movlw	2
   407  0776  2F7E               	goto	L2
   408  0777                     l77:	
   409                           ;PR17.c: 120: }
   410                           
   411                           
   412                           ;PR17.c: 121: else if(!RB4)
   413  0777  1A06               	btfsc	6,4	;volatile
   414  0778  2F7B               	goto	l79
   415                           
   416                           ;PR17.c: 122: {
   417                           ;PR17.c: 123: message=3;
   418  0779  3003               	movlw	3
   419  077A  2F7E               	goto	L2
   420  077B                     l79:	
   421                           ;PR17.c: 124: }
   422                           
   423                           
   424                           ;PR17.c: 125: else if(!RB5)
   425  077B  1A86               	btfsc	6,5	;volatile
   426  077C  2F81               	goto	l900
   427                           
   428                           ;PR17.c: 126: {
   429                           ;PR17.c: 127: message=4;
   430  077D  3004               	movlw	4
   431  077E                     L2:	
   432  077E  00FC               	movwf	??_main
   433  077F  087C               	movf	??_main,w
   434  0780  00A2               	movwf	main@message
   435  0781                     l900:	
   436                           
   437                           ;PR17.c: 128: }
   438                           ;PR17.c: 130: if(message!=0)
   439  0781  0822               	movf	main@message,w
   440  0782  1903               	btfsc	3,2
   441  0783  2F5A               	goto	l878
   442                           
   443                           ;PR17.c: 131: {
   444                           ;PR17.c: 132: if(mode=='p')
   445  0784  3070               	movlw	112
   446  0785  0621               	xorwf	main@mode,w
   447  0786  1D03               	btfss	3,2
   448  0787  2FA2               	goto	l906
   449                           
   450                           ;PR17.c: 133: {
   451                           ;PR17.c: 134: play((message-1)*150);
   452  0788  0822               	movf	main@message,w
   453  0789  3EFF               	addlw	255
   454  078A  00F0               	movwf	___wmul@multiplier
   455  078B  30FF               	movlw	255
   456  078C  1803               	skipnc
   457  078D  3000               	movlw	0
   458  078E  00F1               	movwf	___wmul@multiplier+1
   459  078F  3096               	movlw	150
   460  0790  00F2               	movwf	___wmul@multiplicand
   461  0791  3000               	movlw	0
   462  0792  00F3               	movwf	___wmul@multiplicand+1
   463  0793  120A  118A  268D  120A  118A  	fcall	___wmul
   464  0798  0871               	movf	?___wmul+1,w
   465  0799  00F9               	movwf	play@address+1
   466  079A  0870               	movf	?___wmul,w
   467  079B  00F8               	movwf	play@address
   468  079C  120A  118A  26D1  120A  118A  	fcall	_play
   469                           
   470                           ;PR17.c: 135: }
   471  07A1  2FC1               	goto	l910
   472  07A2                     l906:	
   473                           
   474                           ;PR17.c: 136: else if(mode=='r')
   475  07A2  3072               	movlw	114
   476  07A3  1283               	bcf	3,5	;RP0=0, select bank0
   477  07A4  1303               	bcf	3,6	;RP1=0, select bank0
   478  07A5  0621               	xorwf	main@mode,w
   479  07A6  1D03               	btfss	3,2
   480  07A7  2FC1               	goto	l910
   481                           
   482                           ;PR17.c: 137: {
   483                           ;PR17.c: 138: record((message-1)*150);
   484  07A8  0822               	movf	main@message,w
   485  07A9  3EFF               	addlw	255
   486  07AA  00F0               	movwf	___wmul@multiplier
   487  07AB  30FF               	movlw	255
   488  07AC  1803               	skipnc
   489  07AD  3000               	movlw	0
   490  07AE  00F1               	movwf	___wmul@multiplier+1
   491  07AF  3096               	movlw	150
   492  07B0  00F2               	movwf	___wmul@multiplicand
   493  07B1  3000               	movlw	0
   494  07B2  00F3               	movwf	___wmul@multiplicand+1
   495  07B3  120A  118A  268D  120A  118A  	fcall	___wmul
   496  07B8  0871               	movf	?___wmul+1,w
   497  07B9  00F9               	movwf	record@address+1
   498  07BA  0870               	movf	?___wmul,w
   499  07BB  00F8               	movwf	record@address
   500  07BC  120A  118A  2703  120A  118A  	fcall	_record
   501  07C1                     l910:	
   502                           
   503                           ;PR17.c: 139: }
   504                           ;PR17.c: 140: for(i=30;i>0;i-=1)
   505  07C1  301E               	movlw	30
   506  07C2  00FC               	movwf	??_main
   507  07C3  087C               	movf	??_main,w
   508  07C4  1283               	bcf	3,5	;RP0=0, select bank0
   509  07C5  1303               	bcf	3,6	;RP1=0, select bank0
   510  07C6  00A0               	movwf	main@i
   511  07C7  2FDD               	goto	L6
   512  07C8                     l916:	
   513                           ;PR17.c: 143: {
   514                           ;PR17.c: 144: case 1:
   515                           
   516                           ;PR17.c: 141: {
   517                           ;PR17.c: 142: switch(message)
   518                           
   519                           
   520                           ;PR17.c: 145: RA3=!RA3;
   521  07C8  3008               	movlw	8
   522  07C9  2FCF               	goto	L5
   523  07CA                     l918:	
   524                           ;PR17.c: 147: case 2:
   525                           
   526                           ;PR17.c: 146: break;
   527                           
   528                           
   529                           ;PR17.c: 148: RA2=!RA2;
   530  07CA  3004               	movlw	4
   531  07CB  2FCF               	goto	L5
   532  07CC                     l920:	
   533                           ;PR17.c: 150: case 3:
   534                           
   535                           ;PR17.c: 149: break;
   536                           
   537                           
   538                           ;PR17.c: 151: RA1=!RA1;
   539  07CC  3002               	movlw	2
   540  07CD  2FCF               	goto	L5
   541  07CE                     l922:	
   542                           ;PR17.c: 153: case 4:
   543                           
   544                           ;PR17.c: 152: break;
   545                           
   546                           
   547                           ;PR17.c: 154: RA0=!RA0;
   548  07CE  3001               	movlw	1
   549  07CF                     L5:	
   550  07CF  0685               	xorwf	5,f
   551  07D0                     l928:	
   552                           ;PR17.c: 156: }
   553                           
   554                           ;PR17.c: 155: break;
   555                           
   556                           
   557                           ;PR17.c: 157: tmr_delay(50);
   558  07D0  3032               	movlw	50
   559  07D1  00F0               	movwf	tmr_delay@lenght
   560  07D2  3000               	movlw	0
   561  07D3  00F1               	movwf	tmr_delay@lenght+1
   562  07D4  120A  118A  265C  120A  118A  	fcall	_tmr_delay
   563  07D9  3001               	movlw	1
   564  07DA  1283               	bcf	3,5	;RP0=0, select bank0
   565  07DB  1303               	bcf	3,6	;RP1=0, select bank0
   566  07DC  02A0               	subwf	main@i,f
   567  07DD                     L6:	
   568  07DD  0820               	movf	main@i,w
   569  07DE  1903               	btfsc	3,2
   570  07DF  2FEF               	goto	l934
   571  07E0  0822               	movf	main@message,w
   572                           
   573                           ; Switch size 1, requested type "space"
   574                           ; Number of cases is 4, Range of values is 1 to 4
   575                           ; switch strategies available:
   576                           ; Name         Instructions Cycles
   577                           ; simple_byte           13     7 (average)
   578                           ; direct_byte           23    11 (fixed)
   579                           ; jumptable            263     9 (fixed)
   580                           ;	Chosen strategy is simple_byte
   581  07E1  3A01               	xorlw	1	; case 1
   582  07E2  1903               	skipnz
   583  07E3  2FC8               	goto	l916
   584  07E4  3A03               	xorlw	3	; case 2
   585  07E5  1903               	skipnz
   586  07E6  2FCA               	goto	l918
   587  07E7  3A01               	xorlw	1	; case 3
   588  07E8  1903               	skipnz
   589  07E9  2FCC               	goto	l920
   590  07EA  3A07               	xorlw	7	; case 4
   591  07EB  1903               	skipnz
   592  07EC  2FCE               	goto	l922
   593  07ED  2FD0               	goto	l928
   594  07EE  2FD0               	goto	l928
   595  07EF                     l934:	
   596                           
   597                           ;PR17.c: 158: }
   598                           ;PR17.c: 159: message=0;
   599  07EF  01A2               	clrf	main@message
   600                           
   601                           ;PR17.c: 160: stop();
   602  07F0  120A  118A  266E  120A  118A  	fcall	_stop
   603                           
   604                           ;PR17.c: 161: RA3=0;
   605  07F5  1283               	bcf	3,5	;RP0=0, select bank0
   606  07F6  1303               	bcf	3,6	;RP1=0, select bank0
   607  07F7  1185               	bcf	5,3	;volatile
   608                           
   609                           ;PR17.c: 162: RA2=0;
   610  07F8  1105               	bcf	5,2	;volatile
   611                           
   612                           ;PR17.c: 163: RA1=0;
   613  07F9  1085               	bcf	5,1	;volatile
   614                           
   615                           ;PR17.c: 164: RA0=0;
   616  07FA  1005               	bcf	5,0	;volatile
   617  07FB  2F5A               	goto	l878
   618  07FC                     __end_of_main:	
   619                           
   620                           	psect	text1
   621  065C                     __ptext1:	
   622 ;; *************** function _tmr_delay *****************
   623 ;; Defined at:
   624 ;;		line 176 in file "../../Source file/PR17.c"
   625 ;; Parameters:    Size  Location     Type
   626 ;;  lenght          2    0[COMMON] unsigned short 
   627 ;; Auto vars:     Size  Location     Type
   628 ;;		None
   629 ;; Return value:  Size  Location     Type
   630 ;;		None               void
   631 ;; Registers used:
   632 ;;		wreg, status,2, status,0
   633 ;; Tracked objects:
   634 ;;		On entry : 0/0
   635 ;;		On exit  : 0/0
   636 ;;		Unchanged: 0/0
   637 ;; Data sizes:     COMMON   BANK0   BANK1   BANK3   BANK2
   638 ;;      Params:         2       0       0       0       0
   639 ;;      Locals:         0       0       0       0       0
   640 ;;      Temps:          0       0       0       0       0
   641 ;;      Totals:         2       0       0       0       0
   642 ;;Total ram usage:        2 bytes
   643 ;; Hardware stack levels used:    1
   644 ;; This function calls:
   645 ;;		Nothing
   646 ;; This function is called by:
   647 ;;		_main
   648 ;; This function uses a non-reentrant model
   649 ;;
   650                           
   651                           
   652                           ;psect for function _tmr_delay
   653  065C                     _tmr_delay:	
   654                           
   655                           ;PR17.c: 178: for( ;lenght>0;lenght-=1)
   656                           
   657                           ;incstack = 0
   658                           ; Regs used in _tmr_delay: [wreg+status,2+status,0]
   659  065C  0870               	movf	tmr_delay@lenght,w
   660  065D  0471               	iorwf	tmr_delay@lenght+1,w
   661  065E  1903               	btfsc	3,2
   662  065F  0008               	return
   663                           
   664                           ;PR17.c: 179: {
   665                           ;PR17.c: 180: TMR0=0;
   666  0660  1283               	bcf	3,5	;RP0=0, select bank0
   667  0661  1303               	bcf	3,6	;RP1=0, select bank0
   668  0662  0181               	clrf	1	;volatile
   669  0663                     l824:	
   670                           ;PR17.c: 181: while(TMR0<195);
   671                           
   672  0663  30C3               	movlw	195
   673  0664  0201               	subwf	1,w	;volatile
   674  0665  1C03               	skipc
   675  0666  2E63               	goto	l824
   676  0667  3001               	movlw	1
   677  0668  02F0               	subwf	tmr_delay@lenght,f
   678  0669  3000               	movlw	0
   679  066A  1C03               	skipc
   680  066B  03F1               	decf	tmr_delay@lenght+1,f
   681  066C  02F1               	subwf	tmr_delay@lenght+1,f
   682  066D  2E5C               	goto	_tmr_delay
   683  066E                     __end_of_tmr_delay:	
   684                           
   685                           	psect	text2
   686  066E                     __ptext2:	
   687 ;; *************** function _stop *****************
   688 ;; Defined at:
   689 ;;		line 217 in file "../../Source file/PR17.c"
   690 ;; Parameters:    Size  Location     Type
   691 ;;		None
   692 ;; Auto vars:     Size  Location     Type
   693 ;;		None
   694 ;; Return value:  Size  Location     Type
   695 ;;		None               void
   696 ;; Registers used:
   697 ;;		wreg, status,2, status,0, pclath, cstack
   698 ;; Tracked objects:
   699 ;;		On entry : 0/0
   700 ;;		On exit  : 0/0
   701 ;;		Unchanged: 0/0
   702 ;; Data sizes:     COMMON   BANK0   BANK1   BANK3   BANK2
   703 ;;      Params:         0       0       0       0       0
   704 ;;      Locals:         0       0       0       0       0
   705 ;;      Temps:          0       0       0       0       0
   706 ;;      Totals:         0       0       0       0       0
   707 ;;Total ram usage:        0 bytes
   708 ;; Hardware stack levels used:    1
   709 ;; Hardware stack levels required when called:    1
   710 ;; This function calls:
   711 ;;		_delay
   712 ;; This function is called by:
   713 ;;		_main
   714 ;; This function uses a non-reentrant model
   715 ;;
   716                           
   717                           
   718                           ;psect for function _stop
   719  066E                     _stop:	
   720                           
   721                           ;PR17.c: 219: RC0=1;
   722                           
   723                           ;incstack = 0
   724                           ; Regs used in _stop: [wreg+status,2+status,0+pclath+cstack]
   725  066E  1283               	bcf	3,5	;RP0=0, select bank0
   726  066F  1303               	bcf	3,6	;RP1=0, select bank0
   727  0670  1407               	bsf	7,0	;volatile
   728                           
   729                           ;PR17.c: 220: delay(100);
   730  0671  3000               	movlw	0
   731  0672  00F3               	movwf	delay@data+3
   732  0673  3000               	movlw	0
   733  0674  00F2               	movwf	delay@data+2
   734  0675  3000               	movlw	0
   735  0676  00F1               	movwf	delay@data+1
   736  0677  3064               	movlw	100
   737  0678  00F0               	movwf	delay@data
   738  0679  120A  118A  26AE  120A  118A  	fcall	_delay
   739                           
   740                           ;PR17.c: 221: RC1=1;
   741  067E  1283               	bcf	3,5	;RP0=0, select bank0
   742  067F  1303               	bcf	3,6	;RP1=0, select bank0
   743  0680  1487               	bsf	7,1	;volatile
   744                           
   745                           ;PR17.c: 222: delay(20000);
   746  0681  3000               	movlw	0
   747  0682  00F3               	movwf	delay@data+3
   748  0683  3000               	movlw	0
   749  0684  00F2               	movwf	delay@data+2
   750  0685  304E               	movlw	78
   751  0686  00F1               	movwf	delay@data+1
   752  0687  3020               	movlw	32
   753  0688  00F0               	movwf	delay@data
   754  0689  120A  118A  26AE   	fcall	_delay
   755  068C  0008               	return
   756  068D                     __end_of_stop:	
   757                           
   758                           	psect	text3
   759  0703                     __ptext3:	
   760 ;; *************** function _record *****************
   761 ;; Defined at:
   762 ;;		line 185 in file "../../Source file/PR17.c"
   763 ;; Parameters:    Size  Location     Type
   764 ;;  address         2    8[COMMON] unsigned short 
   765 ;; Auto vars:     Size  Location     Type
   766 ;;  temp            1   11[COMMON] unsigned char 
   767 ;; Return value:  Size  Location     Type
   768 ;;		None               void
   769 ;; Registers used:
   770 ;;		wreg, status,2, status,0, pclath, cstack
   771 ;; Tracked objects:
   772 ;;		On entry : 0/0
   773 ;;		On exit  : 0/0
   774 ;;		Unchanged: 0/0
   775 ;; Data sizes:     COMMON   BANK0   BANK1   BANK3   BANK2
   776 ;;      Params:         2       0       0       0       0
   777 ;;      Locals:         1       0       0       0       0
   778 ;;      Temps:          1       0       0       0       0
   779 ;;      Totals:         4       0       0       0       0
   780 ;;Total ram usage:        4 bytes
   781 ;; Hardware stack levels used:    1
   782 ;; Hardware stack levels required when called:    1
   783 ;; This function calls:
   784 ;;		_delay
   785 ;; This function is called by:
   786 ;;		_main
   787 ;; This function uses a non-reentrant model
   788 ;;
   789                           
   790                           
   791                           ;psect for function _record
   792  0703                     _record:	
   793                           
   794                           ;PR17.c: 187: unsigned char temp;
   795                           ;PR17.c: 188: RC1=0;
   796                           
   797                           ;incstack = 0
   798                           ; Regs used in _record: [wreg+status,2+status,0+pclath+cstack]
   799  0703  1283               	bcf	3,5	;RP0=0, select bank0
   800  0704  1303               	bcf	3,6	;RP1=0, select bank0
   801  0705  1087               	bcf	7,1	;volatile
   802                           
   803                           ;PR17.c: 189: delay(500);
   804  0706  3000               	movlw	0
   805  0707  00F3               	movwf	delay@data+3
   806  0708  3000               	movlw	0
   807  0709  00F2               	movwf	delay@data+2
   808  070A  3001               	movlw	1
   809  070B  00F1               	movwf	delay@data+1
   810  070C  30F4               	movlw	244
   811  070D  00F0               	movwf	delay@data
   812  070E  120A  118A  26AE  120A  118A  	fcall	_delay
   813                           
   814                           ;PR17.c: 190: RC3=0;
   815  0713  1283               	bcf	3,5	;RP0=0, select bank0
   816  0714  1303               	bcf	3,6	;RP1=0, select bank0
   817  0715  1187               	bcf	7,3	;volatile
   818                           
   819                           ;PR17.c: 191: PORTD=address;
   820  0716  0878               	movf	record@address,w
   821  0717  0088               	movwf	8	;volatile
   822                           
   823                           ;PR17.c: 192: temp=address>>8;
   824  0718  0879               	movf	record@address+1,w
   825  0719  00FA               	movwf	??_record
   826  071A  087A               	movf	??_record,w
   827  071B  00FB               	movwf	record@temp
   828                           
   829                           ;PR17.c: 193: if((temp&0x01)==0) RC4=0;
   830  071C  187B               	btfsc	record@temp,0
   831  071D  2F20               	goto	l112
   832  071E  1207               	bcf	7,4	;volatile
   833  071F  2F21               	goto	l113
   834  0720                     l112:	
   835                           
   836                           ;PR17.c: 194: else RC4=1;
   837  0720  1607               	bsf	7,4	;volatile
   838  0721                     l113:	
   839                           
   840                           ;PR17.c: 195: if((temp&0x02)==0) RC5=0;
   841  0721  18FB               	btfsc	record@temp,1
   842  0722  2F25               	goto	l114
   843  0723  1287               	bcf	7,5	;volatile
   844  0724  2F26               	goto	l814
   845  0725                     l114:	
   846                           
   847                           ;PR17.c: 196: else RC5=1;
   848  0725  1687               	bsf	7,5	;volatile
   849  0726                     l814:	
   850                           
   851                           ;PR17.c: 197: delay(100);
   852  0726  3000               	movlw	0
   853  0727  00F3               	movwf	delay@data+3
   854  0728  3000               	movlw	0
   855  0729  00F2               	movwf	delay@data+2
   856  072A  3000               	movlw	0
   857  072B  00F1               	movwf	delay@data+1
   858  072C  3064               	movlw	100
   859  072D  00F0               	movwf	delay@data
   860  072E  120A  118A  26AE   	fcall	_delay
   861                           
   862                           ;PR17.c: 198: RC0=0;
   863  0731  1283               	bcf	3,5	;RP0=0, select bank0
   864  0732  1303               	bcf	3,6	;RP1=0, select bank0
   865  0733  1007               	bcf	7,0	;volatile
   866  0734  0008               	return
   867  0735                     __end_of_record:	
   868                           
   869                           	psect	text4
   870  06D1                     __ptext4:	
   871 ;; *************** function _play *****************
   872 ;; Defined at:
   873 ;;		line 201 in file "../../Source file/PR17.c"
   874 ;; Parameters:    Size  Location     Type
   875 ;;  address         2    8[COMMON] unsigned short 
   876 ;; Auto vars:     Size  Location     Type
   877 ;;  temp            1   11[COMMON] unsigned char 
   878 ;; Return value:  Size  Location     Type
   879 ;;		None               void
   880 ;; Registers used:
   881 ;;		wreg, status,2, status,0, pclath, cstack
   882 ;; Tracked objects:
   883 ;;		On entry : 0/0
   884 ;;		On exit  : 0/0
   885 ;;		Unchanged: 0/0
   886 ;; Data sizes:     COMMON   BANK0   BANK1   BANK3   BANK2
   887 ;;      Params:         2       0       0       0       0
   888 ;;      Locals:         1       0       0       0       0
   889 ;;      Temps:          1       0       0       0       0
   890 ;;      Totals:         4       0       0       0       0
   891 ;;Total ram usage:        4 bytes
   892 ;; Hardware stack levels used:    1
   893 ;; Hardware stack levels required when called:    1
   894 ;; This function calls:
   895 ;;		_delay
   896 ;; This function is called by:
   897 ;;		_main
   898 ;; This function uses a non-reentrant model
   899 ;;
   900                           
   901                           
   902                           ;psect for function _play
   903  06D1                     _play:	
   904                           
   905                           ;PR17.c: 203: unsigned char temp;
   906                           ;PR17.c: 204: RC1=0;
   907                           
   908                           ;incstack = 0
   909                           ; Regs used in _play: [wreg+status,2+status,0+pclath+cstack]
   910  06D1  1283               	bcf	3,5	;RP0=0, select bank0
   911  06D2  1303               	bcf	3,6	;RP1=0, select bank0
   912  06D3  1087               	bcf	7,1	;volatile
   913                           
   914                           ;PR17.c: 205: delay(500);
   915  06D4  3000               	movlw	0
   916  06D5  00F3               	movwf	delay@data+3
   917  06D6  3000               	movlw	0
   918  06D7  00F2               	movwf	delay@data+2
   919  06D8  3001               	movlw	1
   920  06D9  00F1               	movwf	delay@data+1
   921  06DA  30F4               	movlw	244
   922  06DB  00F0               	movwf	delay@data
   923  06DC  120A  118A  26AE  120A  118A  	fcall	_delay
   924                           
   925                           ;PR17.c: 206: RC3=1;
   926  06E1  1283               	bcf	3,5	;RP0=0, select bank0
   927  06E2  1303               	bcf	3,6	;RP1=0, select bank0
   928  06E3  1587               	bsf	7,3	;volatile
   929                           
   930                           ;PR17.c: 207: PORTD=address;
   931  06E4  0878               	movf	play@address,w
   932  06E5  0088               	movwf	8	;volatile
   933                           
   934                           ;PR17.c: 208: temp=(address>>8);
   935  06E6  0879               	movf	play@address+1,w
   936  06E7  00FA               	movwf	??_play
   937  06E8  087A               	movf	??_play,w
   938  06E9  00FB               	movwf	play@temp
   939                           
   940                           ;PR17.c: 209: if((temp&0x01)==0) RC4=0;
   941  06EA  187B               	btfsc	play@temp,0
   942  06EB  2EEE               	goto	l119
   943  06EC  1207               	bcf	7,4	;volatile
   944  06ED  2EEF               	goto	l120
   945  06EE                     l119:	
   946                           
   947                           ;PR17.c: 210: else RC4=1;
   948  06EE  1607               	bsf	7,4	;volatile
   949  06EF                     l120:	
   950                           
   951                           ;PR17.c: 211: if((temp&0x02)==0) RC5=0;
   952  06EF  18FB               	btfsc	play@temp,1
   953  06F0  2EF3               	goto	l121
   954  06F1  1287               	bcf	7,5	;volatile
   955  06F2  2EF4               	goto	l794
   956  06F3                     l121:	
   957                           
   958                           ;PR17.c: 212: else RC5=1;
   959  06F3  1687               	bsf	7,5	;volatile
   960  06F4                     l794:	
   961                           
   962                           ;PR17.c: 213: delay(100);
   963  06F4  3000               	movlw	0
   964  06F5  00F3               	movwf	delay@data+3
   965  06F6  3000               	movlw	0
   966  06F7  00F2               	movwf	delay@data+2
   967  06F8  3000               	movlw	0
   968  06F9  00F1               	movwf	delay@data+1
   969  06FA  3064               	movlw	100
   970  06FB  00F0               	movwf	delay@data
   971  06FC  120A  118A  26AE   	fcall	_delay
   972                           
   973                           ;PR17.c: 214: RC0=0;
   974  06FF  1283               	bcf	3,5	;RP0=0, select bank0
   975  0700  1303               	bcf	3,6	;RP1=0, select bank0
   976  0701  1007               	bcf	7,0	;volatile
   977  0702  0008               	return
   978  0703                     __end_of_play:	
   979                           
   980                           	psect	text5
   981  06AE                     __ptext5:	
   982 ;; *************** function _delay *****************
   983 ;; Defined at:
   984 ;;		line 171 in file "../../Source file/PR17.c"
   985 ;; Parameters:    Size  Location     Type
   986 ;;  data            4    0[COMMON] unsigned long 
   987 ;; Auto vars:     Size  Location     Type
   988 ;;		None
   989 ;; Return value:  Size  Location     Type
   990 ;;		None               void
   991 ;; Registers used:
   992 ;;		wreg
   993 ;; Tracked objects:
   994 ;;		On entry : 0/0
   995 ;;		On exit  : 0/0
   996 ;;		Unchanged: 0/0
   997 ;; Data sizes:     COMMON   BANK0   BANK1   BANK3   BANK2
   998 ;;      Params:         4       0       0       0       0
   999 ;;      Locals:         0       0       0       0       0
  1000 ;;      Temps:          4       0       0       0       0
  1001 ;;      Totals:         8       0       0       0       0
  1002 ;;Total ram usage:        8 bytes
  1003 ;; Hardware stack levels used:    1
  1004 ;; This function calls:
  1005 ;;		Nothing
  1006 ;; This function is called by:
  1007 ;;		_record
  1008 ;;		_play
  1009 ;;		_stop
  1010 ;; This function uses a non-reentrant model
  1011 ;;
  1012                           
  1013                           
  1014                           ;psect for function _delay
  1015  06AE                     _delay:	
  1016                           
  1017                           ;PR17.c: 173: for( ;data>0;data-=1);
  1018                           
  1019                           ;incstack = 0
  1020                           ; Regs used in _delay: [wreg]
  1021  06AE  0873               	movf	delay@data+3,w
  1022  06AF  0472               	iorwf	delay@data+2,w
  1023  06B0  0471               	iorwf	delay@data+1,w
  1024  06B1  0470               	iorwf	delay@data,w
  1025  06B2  1903               	btfsc	3,2
  1026  06B3  0008               	return
  1027  06B4  3001               	movlw	1
  1028  06B5  00F4               	movwf	??_delay
  1029  06B6  3000               	movlw	0
  1030  06B7  00F5               	movwf	??_delay+1
  1031  06B8  3000               	movlw	0
  1032  06B9  00F6               	movwf	??_delay+2
  1033  06BA  3000               	movlw	0
  1034  06BB  00F7               	movwf	??_delay+3
  1035  06BC  0874               	movf	??_delay,w
  1036  06BD  02F0               	subwf	delay@data,f
  1037  06BE  0875               	movf	??_delay+1,w
  1038  06BF  1C03               	skipc
  1039  06C0  0F75               	incfsz	??_delay+1,w
  1040  06C1  2EC3               	goto	u285
  1041  06C2  2EC4               	goto	u286
  1042  06C3                     u285:	
  1043  06C3  02F1               	subwf	delay@data+1,f
  1044  06C4                     u286:	
  1045  06C4  0876               	movf	??_delay+2,w
  1046  06C5  1C03               	skipc
  1047  06C6  0F76               	incfsz	??_delay+2,w
  1048  06C7  2EC9               	goto	u287
  1049  06C8  2ECA               	goto	u288
  1050  06C9                     u287:	
  1051  06C9  02F2               	subwf	delay@data+2,f
  1052  06CA                     u288:	
  1053  06CA  0877               	movf	??_delay+3,w
  1054  06CB  1C03               	skipc
  1055  06CC  0F77               	incfsz	??_delay+3,w
  1056  06CD  2ECF               	goto	u289
  1057  06CE  2EAE               	goto	_delay
  1058  06CF                     u289:	
  1059  06CF  02F3               	subwf	delay@data+3,f
  1060  06D0  2EAE               	goto	_delay
  1061  06D1                     __end_of_delay:	
  1062                           
  1063                           	psect	text6
  1064  068D                     __ptext6:	
  1065 ;; *************** function ___wmul *****************
  1066 ;; Defined at:
  1067 ;;		line 15 in file "C:\Program Files (x86)\Microchip\xc8\v1.34\sources\common\Umul16.c"
  1068 ;; Parameters:    Size  Location     Type
  1069 ;;  multiplier      2    0[COMMON] unsigned int 
  1070 ;;  multiplicand    2    2[COMMON] unsigned int 
  1071 ;; Auto vars:     Size  Location     Type
  1072 ;;  product         2    4[COMMON] unsigned int 
  1073 ;; Return value:  Size  Location     Type
  1074 ;;                  2    0[COMMON] unsigned int 
  1075 ;; Registers used:
  1076 ;;		wreg, status,2, status,0
  1077 ;; Tracked objects:
  1078 ;;		On entry : 0/0
  1079 ;;		On exit  : 0/0
  1080 ;;		Unchanged: 0/0
  1081 ;; Data sizes:     COMMON   BANK0   BANK1   BANK3   BANK2
  1082 ;;      Params:         4       0       0       0       0
  1083 ;;      Locals:         2       0       0       0       0
  1084 ;;      Temps:          0       0       0       0       0
  1085 ;;      Totals:         6       0       0       0       0
  1086 ;;Total ram usage:        6 bytes
  1087 ;; Hardware stack levels used:    1
  1088 ;; This function calls:
  1089 ;;		Nothing
  1090 ;; This function is called by:
  1091 ;;		_main
  1092 ;; This function uses a non-reentrant model
  1093 ;;
  1094                           
  1095                           
  1096                           ;psect for function ___wmul
  1097  068D                     ___wmul:	
  1098                           
  1099                           ;incstack = 0
  1100                           ; Regs used in ___wmul: [wreg+status,2+status,0]
  1101  068D  01F4               	clrf	___wmul@product
  1102  068E  01F5               	clrf	___wmul@product+1
  1103  068F                     l832:	
  1104  068F  1C70               	btfss	___wmul@multiplier,0
  1105  0690  2E97               	goto	l210
  1106  0691  0872               	movf	___wmul@multiplicand,w
  1107  0692  07F4               	addwf	___wmul@product,f
  1108  0693  1803               	skipnc
  1109  0694  0AF5               	incf	___wmul@product+1,f
  1110  0695  0873               	movf	___wmul@multiplicand+1,w
  1111  0696  07F5               	addwf	___wmul@product+1,f
  1112  0697                     l210:	
  1113  0697  3001               	movlw	1
  1114  0698                     u385:	
  1115  0698  1003               	clrc
  1116  0699  0DF2               	rlf	___wmul@multiplicand,f
  1117  069A  0DF3               	rlf	___wmul@multiplicand+1,f
  1118  069B  3EFF               	addlw	-1
  1119  069C  1D03               	skipz
  1120  069D  2E98               	goto	u385
  1121  069E  3001               	movlw	1
  1122  069F                     u395:	
  1123  069F  1003               	clrc
  1124  06A0  0CF1               	rrf	___wmul@multiplier+1,f
  1125  06A1  0CF0               	rrf	___wmul@multiplier,f
  1126  06A2  3EFF               	addlw	-1
  1127  06A3  1D03               	skipz
  1128  06A4  2E9F               	goto	u395
  1129  06A5  0870               	movf	___wmul@multiplier,w
  1130  06A6  0471               	iorwf	___wmul@multiplier+1,w
  1131  06A7  1D03               	btfss	3,2
  1132  06A8  2E8F               	goto	l832
  1133  06A9  0875               	movf	___wmul@product+1,w
  1134  06AA  00F1               	movwf	?___wmul+1
  1135  06AB  0874               	movf	___wmul@product,w
  1136  06AC  00F0               	movwf	?___wmul
  1137  06AD  0008               	return
  1138  06AE                     __end_of___wmul:	
  1139  007E                     btemp	set	126	;btemp
  1140  007E                     wtemp	set	126
  1141  007E                     wtemp0	set	126
  1142  0080                     wtemp1	set	128
  1143  0082                     wtemp2	set	130
  1144  0084                     wtemp3	set	132
  1145  0086                     wtemp4	set	134
  1146  0088                     wtemp5	set	136
  1147  007F                     wtemp6	set	127
  1148  007E                     ttemp	set	126
  1149  007E                     ttemp0	set	126
  1150  0081                     ttemp1	set	129
  1151  0084                     ttemp2	set	132
  1152  0087                     ttemp3	set	135
  1153  007F                     ttemp4	set	127
  1154  007E                     ltemp	set	126
  1155  007E                     ltemp0	set	126
  1156  0082                     ltemp1	set	130
  1157  0086                     ltemp2	set	134
  1158  0080                     ltemp3	set	128


Data Sizes:
    Strings     0
    Constant    0
    Data        0
    BSS         0
    Persistent  0
    Stack       0

Auto Spaces:
    Space          Size  Autos    Used
    COMMON           14     13      13
    BANK0            80      3       3
    BANK1            80      0       0
    BANK3            96      0       0
    BANK2            96      0       0

Pointer List with Targets:

    None.

Critical Paths under _main in COMMON

    _main->_play
    _main->_record
    _stop->_delay
    _record->_delay
    _play->_delay

Critical Paths under _main in BANK0

    None.

Critical Paths under _main in BANK1

    None.

Critical Paths under _main in BANK3

    None.

Critical Paths under _main in BANK2

    None.

Call Graph Tables:

 ---------------------------------------------------------------------------------
 (Depth) Function   	        Calls       Base Space   Used Autos Params    Refs
 ---------------------------------------------------------------------------------
 (0) _main                                                 4     4      0    1984
                                             12 COMMON     1     1      0
                                              0 BANK0      3     3      0
                             ___wmul
                               _play
                             _record
                               _stop
                          _tmr_delay
 ---------------------------------------------------------------------------------
 (1) _tmr_delay                                            2     0      2      98
                                              0 COMMON     2     0      2
 ---------------------------------------------------------------------------------
 (1) _stop                                                 0     0      0     363
                              _delay
 ---------------------------------------------------------------------------------
 (1) _record                                               4     2      2     505
                                              8 COMMON     4     2      2
                             ___wmul (ARG)
                              _delay
 ---------------------------------------------------------------------------------
 (1) _play                                                 4     2      2     505
                                              8 COMMON     4     2      2
                             ___wmul (ARG)
                              _delay
 ---------------------------------------------------------------------------------
 (2) _delay                                                8     4      4     363
                                              0 COMMON     8     4      4
 ---------------------------------------------------------------------------------
 (1) ___wmul                                               6     2      4     304
                                              0 COMMON     6     2      4
 ---------------------------------------------------------------------------------
 Estimated maximum stack depth 2
 ---------------------------------------------------------------------------------

 Call Graph Graphs:

 _main (ROOT)
   ___wmul
   _play
     ___wmul (ARG)
     _delay (ARG)
   _record
     ___wmul (ARG)
     _delay (ARG)
   _stop
     _delay
   _tmr_delay

 Address spaces:
Name               Size   Autos  Total    Cost      Usage
BITCOMMON            E      0       0       0        0.0%
EEDATA             100      0       0       0        0.0%
NULL                 0      0       0       0        0.0%
CODE                 0      0       0       0        0.0%
COMMON               E      D       D       1       92.9%
BITSFR0              0      0       0       1        0.0%
SFR0                 0      0       0       1        0.0%
BITSFR1              0      0       0       2        0.0%
SFR1                 0      0       0       2        0.0%
STACK                0      0       0       2        0.0%
ABS                  0      0       0       3        0.0%
BITBANK0            50      0       0       4        0.0%
BITSFR3              0      0       0       4        0.0%
SFR3                 0      0       0       4        0.0%
BANK0               50      3       3       5        3.8%
BITSFR2              0      0       0       5        0.0%
SFR2                 0      0       0       5        0.0%
BITBANK1            50      0       0       6        0.0%
BANK1               50      0       0       7        0.0%
BITBANK3            60      0       0       8        0.0%
BANK3               60      0       0       9        0.0%
BITBANK2            60      0       0      10        0.0%
BANK2               60      0       0      11        0.0%
DATA                 0      0       0      12        0.0%


Microchip Technology PIC Macro Assembler V1.34 build -361300703 
Symbol Table                                                                                   Thu Jul 23 15:06:53 2015

            __CFG_CP$OFF 0000                       l75 0773                       l68 076E  
                     l77 0777                       l69 075C                       l79 077B  
    ___wmul@multiplicand 0072                      l120 06EF                      l112 0720  
                    l121 06F3                      l113 0721                      l210 0697  
                    l114 0725                      l119 06EE                      l900 0781  
                    l814 0726                      l910 07C1                      l832 068F  
                    l824 0663                      l920 07CC                      l922 07CE  
                    l906 07A2                      l916 07C8                      l918 07CA  
                    l934 07EF                      l928 07D0                      l794 06F4  
                    l878 075A                      l888 0768                      _RA0 0028  
                    _RA1 0029                      _RB0 0030                      _RA2 002A  
                    _RB1 0031                      _RA3 002B                      _RC0 0038  
                    _RB2 0032                      _RC1 0039                      _RA5 002D  
                    _RB4 0034                      _RC3 003B                      _RB5 0035  
                    _RC4 003C                      _RC5 003D                      _PS0 0408  
                    _PS1 0409                      _PS2 040A             __CFG_CPD$OFF 0000  
                    u285 06C3                      u286 06C4                      u287 06C9  
                    u288 06CA                      u385 0698                      u289 06CF  
                    u395 069F                      _PSA 040B             __CFG_FOSC$HS 0000  
           __CFG_LVP$OFF 0000                     _T0CS 040D                     _TMR0 0001  
            main@message 0022             __CFG_WRT$OFF 0000                     _main 0735  
                   _play 06D1                     btemp 007E                     _stop 066E  
                   ltemp 007E                     start 0000                     ttemp 007E  
                   wtemp 007E          tmr_delay@lenght 0070                    ?_main 0070  
                  ?_play 0078            __CFG_WDTE$OFF 0000                    ?_stop 0070  
         __CFG_DEBUG$OFF 0000                    _PORTD 0008                    _TRISA 0085  
                  _TRISB 0086                    _TRISC 0087                    _TRISD 0088  
                  _TRISE 0089            __CFG_PWRTE$ON 0000                    _delay 06AE  
                  main@i 0020           __CFG_BOREN$OFF 0000                    ltemp0 007E  
                  ltemp1 0082                    ltemp2 0086                    ltemp3 0080  
                  ttemp0 007E                    ttemp1 0081                    ttemp2 0084  
                  ttemp3 0087                    ttemp4 007F                    status 0003  
                  wtemp0 007E                    wtemp1 0080                    wtemp2 0082  
                  wtemp3 0084                    wtemp4 0086                    wtemp5 0088  
                  wtemp6 007F          __initialization 07FC             __end_of_main 07FC  
           __end_of_play 0703             __end_of_stop 068D                   ??_main 007C  
                 ??_play 007A                   ??_stop 0078                   ?_delay 0070  
                 _ADCON1 009F                   ___wmul 068D                   _record 0703  
          record@address 0078  __end_of__initialization 07FC           __pcstackCOMMON 0070  
          __end_of_delay 06D1              play@address 0078                  ??_delay 0074  
             __pmaintext 0735                  ?___wmul 0070                  ?_record 0078  
     __size_of_tmr_delay 0012          __size_of___wmul 0021          __size_of_record 0032  
                __ptext0 0000                  __ptext1 065C                  __ptext2 066E  
                __ptext3 0703                  __ptext4 06D1                  __ptext5 06AE  
                __ptext6 068D     end_of_initialization 07FC        __end_of_tmr_delay 066E  
         __end_of___wmul 06AE           __end_of_record 0735      start_initialization 07FC  
               ??___wmul 0074                 ??_record 007A                ___latbits 0002  
          __pcstackBANK0 0020               record@temp 007B           __size_of_delay 0023  
              delay@data 0070           ___wmul@product 0074                _tmr_delay 065C  
      ___wmul@multiplier 0070               ?_tmr_delay 0070            __size_of_main 00C7  
          __size_of_play 0032            __size_of_stop 001F                 main@mode 0021  
               play@temp 007B              ??_tmr_delay 0072  
